<?xml version="1.0" encoding="UTF-8"?>
<coverage generated="1655974458851" clover="3.2.0">
  <project timestamp="1655974458851" name="All files">
    <metrics statements="30" coveredstatements="30" conditionals="18" coveredconditionals="18" methods="5" coveredmethods="5" elements="53" coveredelements="53" complexity="0" loc="30" ncloc="30" packages="1" files="1" classes="1"/>
    <file name="template.js" path="/Users/gebruiker/Dojo/BerlinClock/src/template.js">
      <metrics statements="30" coveredstatements="30" conditionals="18" coveredconditionals="18" methods="5" coveredmethods="5"/>
      <line num="2" count="2" type="cond" truecount="2" falsecount="0"/>
      <line num="6" count="9" type="stmt"/>
      <line num="7" count="9" type="stmt"/>
      <line num="8" count="9" type="stmt"/>
      <line num="10" count="9" type="stmt"/>
      <line num="11" count="36" type="cond" truecount="2" falsecount="0"/>
      <line num="14" count="9" type="stmt"/>
      <line num="18" count="25" type="stmt"/>
      <line num="19" count="25" type="cond" truecount="5" falsecount="0"/>
      <line num="21" count="5" type="stmt"/>
      <line num="23" count="5" type="stmt"/>
      <line num="25" count="5" type="stmt"/>
      <line num="27" count="5" type="stmt"/>
      <line num="29" count="5" type="stmt"/>
      <line num="34" count="24" type="stmt"/>
      <line num="35" count="24" type="stmt"/>
      <line num="36" count="264" type="stmt"/>
      <line num="37" count="264" type="cond" truecount="2" falsecount="0"/>
      <line num="38" count="132" type="stmt"/>
      <line num="39" count="132" type="cond" truecount="2" falsecount="0"/>
      <line num="41" count="132" type="stmt"/>
      <line num="44" count="24" type="stmt"/>
      <line num="48" count="20" type="stmt"/>
      <line num="49" count="20" type="cond" truecount="5" falsecount="0"/>
      <line num="51" count="4" type="stmt"/>
      <line num="53" count="4" type="stmt"/>
      <line num="55" count="4" type="stmt"/>
      <line num="57" count="4" type="stmt"/>
      <line num="59" count="4" type="stmt"/>
      <line num="63" count="1" type="stmt"/>
    </file>
  </project>
</coverage>
