{"/Users/gebruiker/Dojo/BerlinClock/src/template.js": {"path":"/Users/gebruiker/Dojo/BerlinClock/src/template.js","statementMap":{"0":{"start":{"line":2,"column":2},"end":{"line":2,"column":38}},"1":{"start":{"line":6,"column":23},"end":{"line":6,"column":32}},"2":{"start":{"line":7,"column":31},"end":{"line":7,"column":55}},"3":{"start":{"line":8,"column":15},"end":{"line":8,"column":17}},"4":{"start":{"line":10,"column":2},"end":{"line":12,"column":3}},"5":{"start":{"line":10,"column":19},"end":{"line":10,"column":20}},"6":{"start":{"line":11,"column":4},"end":{"line":11,"column":55}},"7":{"start":{"line":14,"column":2},"end":{"line":14,"column":16}},"8":{"start":{"line":18,"column":39},"end":{"line":18,"column":48}},"9":{"start":{"line":19,"column":2},"end":{"line":30,"column":3}},"10":{"start":{"line":21,"column":6},"end":{"line":21,"column":20}},"11":{"start":{"line":23,"column":6},"end":{"line":23,"column":20}},"12":{"start":{"line":25,"column":6},"end":{"line":25,"column":20}},"13":{"start":{"line":27,"column":6},"end":{"line":27,"column":20}},"14":{"start":{"line":29,"column":6},"end":{"line":29,"column":20}},"15":{"start":{"line":34,"column":15},"end":{"line":34,"column":17}},"16":{"start":{"line":35,"column":2},"end":{"line":43,"column":3}},"17":{"start":{"line":35,"column":22},"end":{"line":35,"column":23}},"18":{"start":{"line":36,"column":39},"end":{"line":36,"column":51}},"19":{"start":{"line":37,"column":4},"end":{"line":42,"column":5}},"20":{"start":{"line":38,"column":46},"end":{"line":38,"column":79}},"21":{"start":{"line":39,"column":6},"end":{"line":39,"column":66}},"22":{"start":{"line":41,"column":6},"end":{"line":41,"column":20}},"23":{"start":{"line":44,"column":2},"end":{"line":44,"column":16}},"24":{"start":{"line":47,"column":0},"end":{"line":52,"column":2}}},"fnMap":{"0":{"name":"colorOfLightSeconds","decl":{"start":{"line":1,"column":9},"end":{"line":1,"column":28}},"loc":{"start":{"line":1,"column":38},"end":{"line":3,"column":1}},"line":1},"1":{"name":"colorOfLightsFiveHours","decl":{"start":{"line":5,"column":9},"end":{"line":5,"column":31}},"loc":{"start":{"line":5,"column":39},"end":{"line":15,"column":1}},"line":5},"2":{"name":"colorOfLightsHours","decl":{"start":{"line":17,"column":9},"end":{"line":17,"column":27}},"loc":{"start":{"line":17,"column":35},"end":{"line":31,"column":1}},"line":17},"3":{"name":"colorOfLightsQuarterMinutes","decl":{"start":{"line":33,"column":9},"end":{"line":33,"column":36}},"loc":{"start":{"line":33,"column":46},"end":{"line":45,"column":1}},"line":33}},"branchMap":{"0":{"loc":{"start":{"line":2,"column":9},"end":{"line":2,"column":37}},"type":"cond-expr","locations":[{"start":{"line":2,"column":28},"end":{"line":2,"column":31}},{"start":{"line":2,"column":34},"end":{"line":2,"column":37}}],"line":2},"1":{"loc":{"start":{"line":11,"column":14},"end":{"line":11,"column":54}},"type":"cond-expr","locations":[{"start":{"line":11,"column":45},"end":{"line":11,"column":48}},{"start":{"line":11,"column":51},"end":{"line":11,"column":54}}],"line":11},"2":{"loc":{"start":{"line":19,"column":2},"end":{"line":30,"column":3}},"type":"switch","locations":[{"start":{"line":20,"column":4},"end":{"line":21,"column":20}},{"start":{"line":22,"column":4},"end":{"line":23,"column":20}},{"start":{"line":24,"column":4},"end":{"line":25,"column":20}},{"start":{"line":26,"column":4},"end":{"line":27,"column":20}},{"start":{"line":28,"column":4},"end":{"line":29,"column":20}}],"line":19},"3":{"loc":{"start":{"line":37,"column":4},"end":{"line":42,"column":5}},"type":"if","locations":[{"start":{"line":37,"column":4},"end":{"line":42,"column":5}},{"start":{"line":40,"column":11},"end":{"line":42,"column":5}}],"line":37},"4":{"loc":{"start":{"line":39,"column":16},"end":{"line":39,"column":65}},"type":"cond-expr","locations":[{"start":{"line":39,"column":56},"end":{"line":39,"column":59}},{"start":{"line":39,"column":62},"end":{"line":39,"column":65}}],"line":39}},"s":{"0":2,"1":9,"2":9,"3":9,"4":9,"5":9,"6":36,"7":9,"8":25,"9":25,"10":5,"11":5,"12":5,"13":5,"14":5,"15":24,"16":24,"17":24,"18":264,"19":264,"20":132,"21":132,"22":132,"23":24,"24":1},"f":{"0":2,"1":9,"2":25,"3":24},"b":{"0":[1,1],"1":[18,18],"2":[5,5,5,5,5],"3":[132,132],"4":[36,96]},"_coverageSchema":"1a1c01bbd47fc00a2c39e90264f33305004495a9","hash":"8dd820fc35868abbe1c6518c0d379f398a018561"}
}
