TN:
SF:src/template.js
FN:1,colorOfLightSeconds
FN:5,colorOfLightsFiveHours
FN:17,colorOfLightsHours
FN:33,colorOfLightsQuarterMinutes
FN:47,colorOfLightsMinutes
FNF:5
FNH:5
FNDA:2,colorOfLightSeconds
FNDA:9,colorOfLightsFiveHours
FNDA:25,colorOfLightsHours
FNDA:24,colorOfLightsQuarterMinutes
FNDA:20,colorOfLightsMinutes
DA:2,2
DA:6,9
DA:7,9
DA:8,9
DA:10,9
DA:11,36
DA:14,9
DA:18,25
DA:19,25
DA:21,5
DA:23,5
DA:25,5
DA:27,5
DA:29,5
DA:34,24
DA:35,24
DA:36,264
DA:37,264
DA:38,132
DA:39,132
DA:41,132
DA:44,24
DA:48,20
DA:49,20
DA:51,4
DA:53,4
DA:55,4
DA:57,4
DA:59,4
DA:63,1
LF:30
LH:30
BRDA:2,0,0,1
BRDA:2,0,1,1
BRDA:11,1,0,18
BRDA:11,1,1,18
BRDA:19,2,0,5
BRDA:19,2,1,5
BRDA:19,2,2,5
BRDA:19,2,3,5
BRDA:19,2,4,5
BRDA:37,3,0,132
BRDA:37,3,1,132
BRDA:39,4,0,36
BRDA:39,4,1,96
BRDA:49,5,0,4
BRDA:49,5,1,4
BRDA:49,5,2,4
BRDA:49,5,3,4
BRDA:49,5,4,4
BRF:18
BRH:18
end_of_record
