TN:
SF:src/template.js
FN:1,colorOfLightSeconds
FN:5,colorOfLightsFiveHours
FN:17,colorOfLightsHours
FN:33,colorOfLightsQuarterMinutes
FNF:4
FNH:4
FNDA:2,colorOfLightSeconds
FNDA:9,colorOfLightsFiveHours
FNDA:25,colorOfLightsHours
FNDA:24,colorOfLightsQuarterMinutes
DA:2,2
DA:6,9
DA:7,9
DA:8,9
DA:10,9
DA:11,36
DA:14,9
DA:18,25
DA:19,25
DA:21,5
DA:23,5
DA:25,5
DA:27,5
DA:29,5
DA:34,24
DA:35,24
DA:36,264
DA:37,264
DA:38,132
DA:39,132
DA:41,132
DA:44,24
DA:47,1
LF:23
LH:23
BRDA:2,0,0,1
BRDA:2,0,1,1
BRDA:11,1,0,18
BRDA:11,1,1,18
BRDA:19,2,0,5
BRDA:19,2,1,5
BRDA:19,2,2,5
BRDA:19,2,3,5
BRDA:19,2,4,5
BRDA:37,3,0,132
BRDA:37,3,1,132
BRDA:39,4,0,36
BRDA:39,4,1,96
BRF:13
BRH:13
end_of_record
